<?xml version="1.0" encoding="UTF-8" ?>
<testsuite errors="0" failures="0" hostname="b3021017" name="com.LibrarySpec" tests="1" time="6.27" timestamp="2015-03-23T10:54:32">
  <properties />
  <testcase classname="com.LibrarySpec" name="test toString" time="6.094" />
  <system-out><![CDATA[--Output from test toString--
]]></system-out>
  <system-err><![CDATA[--Output from test toString--
]]></system-err>
</testsuite>
